<network>
  <name>test</name>
  <uuid>d475ed32-1aa7-4f5c-acc6-d790d79c8796</uuid>
  <forward mode='nat'>
    <nat>
      <port start='1024' end='65535'/>
    </nat>
  </forward>
  <bridge name='virbr1' stp='on' delay='0'/>
  <mac address='52:54:00:a4:62:bb'/>
  <ip address='192.168.20.1' netmask='255.255.255.0'>
    <dhcp>
      <range start='192.168.20.2' end='192.168.20.254'/>
    </dhcp>
  </ip>
</network>

